<?xml version="1.0" encoding="UTF-8"?>
<testsuite xmlns:xsi="http://www.w3.org/2001/XMLSchema-instance" xsi:noNamespaceSchemaLocation="https://maven.apache.org/surefire/maven-surefire-plugin/xsd/surefire-test-report.xsd" name="TestSuite" time="13.236" tests="21" errors="0" skipped="0" failures="0">
  <properties>
    <property name="awt.toolkit" value="sun.lwawt.macosx.LWCToolkit"/>
    <property name="java.specification.version" value="12"/>
    <property name="sun.jnu.encoding" value="UTF-8"/>
    <property name="java.class.path" value="/Users/mohitlohani/Desktop/qe-selenium-test-results/target/test-classes:/Users/mohitlohani/Desktop/qe-selenium-test-results/target/classes:/Users/mohitlohani/.m2/repository/org/slf4j/slf4j-simple/1.7.9/slf4j-simple-1.7.9.jar:/Users/mohitlohani/.m2/repository/org/slf4j/slf4j-api/1.7.9/slf4j-api-1.7.9.jar:/Users/mohitlohani/.m2/repository/org/testng/testng/6.14.3/testng-6.14.3.jar:/Users/mohitlohani/.m2/repository/com/beust/jcommander/1.72/jcommander-1.72.jar:/Users/mohitlohani/.m2/repository/org/apache-extras/beanshell/bsh/2.0b6/bsh-2.0b6.jar:/Users/mohitlohani/.m2/repository/io/github/bonigarcia/webdrivermanager/3.4.0/webdrivermanager-3.4.0.jar:/Users/mohitlohani/.m2/repository/commons-io/commons-io/2.6/commons-io-2.6.jar:/Users/mohitlohani/.m2/repository/com/google/code/gson/gson/2.8.5/gson-2.8.5.jar:/Users/mohitlohani/.m2/repository/org/apache/commons/commons-lang3/3.8.1/commons-lang3-3.8.1.jar:/Users/mohitlohani/.m2/repository/org/apache/httpcomponents/httpclient/4.5.6/httpclient-4.5.6.jar:/Users/mohitlohani/.m2/repository/org/apache/httpcomponents/httpcore/4.4.10/httpcore-4.4.10.jar:/Users/mohitlohani/.m2/repository/commons-logging/commons-logging/1.2/commons-logging-1.2.jar:/Users/mohitlohani/.m2/repository/commons-codec/commons-codec/1.10/commons-codec-1.10.jar:/Users/mohitlohani/.m2/repository/org/rauschig/jarchivelib/1.0.0/jarchivelib-1.0.0.jar:/Users/mohitlohani/.m2/repository/org/apache/commons/commons-compress/1.18/commons-compress-1.18.jar:/Users/mohitlohani/.m2/repository/org/jsoup/jsoup/1.11.3/jsoup-1.11.3.jar:/Users/mohitlohani/.m2/repository/org/seleniumhq/selenium/selenium-java/3.141.59/selenium-java-3.141.59.jar:/Users/mohitlohani/.m2/repository/org/seleniumhq/selenium/selenium-api/3.141.59/selenium-api-3.141.59.jar:/Users/mohitlohani/.m2/repository/org/seleniumhq/selenium/selenium-chrome-driver/3.141.59/selenium-chrome-driver-3.141.59.jar:/Users/mohitlohani/.m2/repository/org/seleniumhq/selenium/selenium-edge-driver/3.141.59/selenium-edge-driver-3.141.59.jar:/Users/mohitlohani/.m2/repository/org/seleniumhq/selenium/selenium-firefox-driver/3.141.59/selenium-firefox-driver-3.141.59.jar:/Users/mohitlohani/.m2/repository/org/seleniumhq/selenium/selenium-ie-driver/3.141.59/selenium-ie-driver-3.141.59.jar:/Users/mohitlohani/.m2/repository/org/seleniumhq/selenium/selenium-opera-driver/3.141.59/selenium-opera-driver-3.141.59.jar:/Users/mohitlohani/.m2/repository/org/seleniumhq/selenium/selenium-remote-driver/3.141.59/selenium-remote-driver-3.141.59.jar:/Users/mohitlohani/.m2/repository/org/seleniumhq/selenium/selenium-safari-driver/3.141.59/selenium-safari-driver-3.141.59.jar:/Users/mohitlohani/.m2/repository/org/seleniumhq/selenium/selenium-support/3.141.59/selenium-support-3.141.59.jar:/Users/mohitlohani/.m2/repository/net/bytebuddy/byte-buddy/1.8.15/byte-buddy-1.8.15.jar:/Users/mohitlohani/.m2/repository/org/apache/commons/commons-exec/1.3/commons-exec-1.3.jar:/Users/mohitlohani/.m2/repository/com/google/guava/guava/25.0-jre/guava-25.0-jre.jar:/Users/mohitlohani/.m2/repository/com/google/code/findbugs/jsr305/1.3.9/jsr305-1.3.9.jar:/Users/mohitlohani/.m2/repository/org/checkerframework/checker-compat-qual/2.0.0/checker-compat-qual-2.0.0.jar:/Users/mohitlohani/.m2/repository/com/google/errorprone/error_prone_annotations/2.1.3/error_prone_annotations-2.1.3.jar:/Users/mohitlohani/.m2/repository/com/google/j2objc/j2objc-annotations/1.1/j2objc-annotations-1.1.jar:/Users/mohitlohani/.m2/repository/org/codehaus/mojo/animal-sniffer-annotations/1.14/animal-sniffer-annotations-1.14.jar:/Users/mohitlohani/.m2/repository/com/squareup/okhttp3/okhttp/3.11.0/okhttp-3.11.0.jar:/Users/mohitlohani/.m2/repository/com/squareup/okio/okio/1.14.0/okio-1.14.0.jar:"/>
    <property name="java.vm.vendor" value="Oracle Corporation"/>
    <property name="sun.arch.data.model" value="64"/>
    <property name="java.vendor.url" value="https://java.oracle.com/"/>
    <property name="os.name" value="Mac OS X"/>
    <property name="java.vm.specification.version" value="12"/>
    <property name="sun.java.launcher" value="SUN_STANDARD"/>
    <property name="user.country" value="IN"/>
    <property name="sun.boot.library.path" value="/Library/Java/JavaVirtualMachines/jdk-12.0.1.jdk/Contents/Home/lib"/>
    <property name="sun.java.command" value="/Users/mohitlohani/Desktop/qe-selenium-test-results/target/surefire/surefirebooter3627178334024849574.jar /Users/mohitlohani/Desktop/qe-selenium-test-results/target/surefire 2019-10-22T20-50-14_031-jvmRun1 surefire10648602849216639702tmp surefire_07634943331107652698tmp"/>
    <property name="http.nonProxyHosts" value="local|*.local|169.254/16|*.169.254/16"/>
    <property name="jdk.debug" value="release"/>
    <property name="surefire.test.class.path" value="/Users/mohitlohani/Desktop/qe-selenium-test-results/target/test-classes:/Users/mohitlohani/Desktop/qe-selenium-test-results/target/classes:/Users/mohitlohani/.m2/repository/org/slf4j/slf4j-simple/1.7.9/slf4j-simple-1.7.9.jar:/Users/mohitlohani/.m2/repository/org/slf4j/slf4j-api/1.7.9/slf4j-api-1.7.9.jar:/Users/mohitlohani/.m2/repository/org/testng/testng/6.14.3/testng-6.14.3.jar:/Users/mohitlohani/.m2/repository/com/beust/jcommander/1.72/jcommander-1.72.jar:/Users/mohitlohani/.m2/repository/org/apache-extras/beanshell/bsh/2.0b6/bsh-2.0b6.jar:/Users/mohitlohani/.m2/repository/io/github/bonigarcia/webdrivermanager/3.4.0/webdrivermanager-3.4.0.jar:/Users/mohitlohani/.m2/repository/commons-io/commons-io/2.6/commons-io-2.6.jar:/Users/mohitlohani/.m2/repository/com/google/code/gson/gson/2.8.5/gson-2.8.5.jar:/Users/mohitlohani/.m2/repository/org/apache/commons/commons-lang3/3.8.1/commons-lang3-3.8.1.jar:/Users/mohitlohani/.m2/repository/org/apache/httpcomponents/httpclient/4.5.6/httpclient-4.5.6.jar:/Users/mohitlohani/.m2/repository/org/apache/httpcomponents/httpcore/4.4.10/httpcore-4.4.10.jar:/Users/mohitlohani/.m2/repository/commons-logging/commons-logging/1.2/commons-logging-1.2.jar:/Users/mohitlohani/.m2/repository/commons-codec/commons-codec/1.10/commons-codec-1.10.jar:/Users/mohitlohani/.m2/repository/org/rauschig/jarchivelib/1.0.0/jarchivelib-1.0.0.jar:/Users/mohitlohani/.m2/repository/org/apache/commons/commons-compress/1.18/commons-compress-1.18.jar:/Users/mohitlohani/.m2/repository/org/jsoup/jsoup/1.11.3/jsoup-1.11.3.jar:/Users/mohitlohani/.m2/repository/org/seleniumhq/selenium/selenium-java/3.141.59/selenium-java-3.141.59.jar:/Users/mohitlohani/.m2/repository/org/seleniumhq/selenium/selenium-api/3.141.59/selenium-api-3.141.59.jar:/Users/mohitlohani/.m2/repository/org/seleniumhq/selenium/selenium-chrome-driver/3.141.59/selenium-chrome-driver-3.141.59.jar:/Users/mohitlohani/.m2/repository/org/seleniumhq/selenium/selenium-edge-driver/3.141.59/selenium-edge-driver-3.141.59.jar:/Users/mohitlohani/.m2/repository/org/seleniumhq/selenium/selenium-firefox-driver/3.141.59/selenium-firefox-driver-3.141.59.jar:/Users/mohitlohani/.m2/repository/org/seleniumhq/selenium/selenium-ie-driver/3.141.59/selenium-ie-driver-3.141.59.jar:/Users/mohitlohani/.m2/repository/org/seleniumhq/selenium/selenium-opera-driver/3.141.59/selenium-opera-driver-3.141.59.jar:/Users/mohitlohani/.m2/repository/org/seleniumhq/selenium/selenium-remote-driver/3.141.59/selenium-remote-driver-3.141.59.jar:/Users/mohitlohani/.m2/repository/org/seleniumhq/selenium/selenium-safari-driver/3.141.59/selenium-safari-driver-3.141.59.jar:/Users/mohitlohani/.m2/repository/org/seleniumhq/selenium/selenium-support/3.141.59/selenium-support-3.141.59.jar:/Users/mohitlohani/.m2/repository/net/bytebuddy/byte-buddy/1.8.15/byte-buddy-1.8.15.jar:/Users/mohitlohani/.m2/repository/org/apache/commons/commons-exec/1.3/commons-exec-1.3.jar:/Users/mohitlohani/.m2/repository/com/google/guava/guava/25.0-jre/guava-25.0-jre.jar:/Users/mohitlohani/.m2/repository/com/google/code/findbugs/jsr305/1.3.9/jsr305-1.3.9.jar:/Users/mohitlohani/.m2/repository/org/checkerframework/checker-compat-qual/2.0.0/checker-compat-qual-2.0.0.jar:/Users/mohitlohani/.m2/repository/com/google/errorprone/error_prone_annotations/2.1.3/error_prone_annotations-2.1.3.jar:/Users/mohitlohani/.m2/repository/com/google/j2objc/j2objc-annotations/1.1/j2objc-annotations-1.1.jar:/Users/mohitlohani/.m2/repository/org/codehaus/mojo/animal-sniffer-annotations/1.14/animal-sniffer-annotations-1.14.jar:/Users/mohitlohani/.m2/repository/com/squareup/okhttp3/okhttp/3.11.0/okhttp-3.11.0.jar:/Users/mohitlohani/.m2/repository/com/squareup/okio/okio/1.14.0/okio-1.14.0.jar:"/>
    <property name="sun.cpu.endian" value="little"/>
    <property name="user.home" value="/Users/mohitlohani"/>
    <property name="user.language" value="en"/>
    <property name="java.specification.vendor" value="Oracle Corporation"/>
    <property name="java.version.date" value="2019-04-16"/>
    <property name="java.home" value="/Library/Java/JavaVirtualMachines/jdk-12.0.1.jdk/Contents/Home"/>
    <property name="file.separator" value="/"/>
    <property name="basedir" value="/Users/mohitlohani/Desktop/qe-selenium-test-results"/>
    <property name="java.vm.compressedOopsMode" value="Zero based"/>
    <property name="line.separator" value="&#10;"/>
    <property name="java.specification.name" value="Java Platform API Specification"/>
    <property name="java.vm.specification.vendor" value="Oracle Corporation"/>
    <property name="java.awt.graphicsenv" value="sun.awt.CGraphicsEnvironment"/>
    <property name="surefire.real.class.path" value="/Users/mohitlohani/Desktop/qe-selenium-test-results/target/surefire/surefirebooter3627178334024849574.jar"/>
    <property name="sun.management.compiler" value="HotSpot 64-Bit Tiered Compilers"/>
    <property name="ftp.nonProxyHosts" value="local|*.local|169.254/16|*.169.254/16"/>
    <property name="java.runtime.version" value="12.0.1+12"/>
    <property name="user.name" value="mohitlohani"/>
    <property name="path.separator" value=":"/>
    <property name="os.version" value="10.14.5"/>
    <property name="java.runtime.name" value="Java(TM) SE Runtime Environment"/>
    <property name="file.encoding" value="US-ASCII"/>
    <property name="java.vm.name" value="Java HotSpot(TM) 64-Bit Server VM"/>
    <property name="localRepository" value="/Users/mohitlohani/.m2/repository"/>
    <property name="java.vendor.url.bug" value="https://bugreport.java.com/bugreport/"/>
    <property name="java.io.tmpdir" value="/var/folders/18/1j400ql53m5178k_lb1wvxrh0000gn/T/"/>
    <property name="java.version" value="12.0.1"/>
    <property name="user.dir" value="/Users/mohitlohani/Desktop/qe-selenium-test-results"/>
    <property name="os.arch" value="x86_64"/>
    <property name="java.vm.specification.name" value="Java Virtual Machine Specification"/>
    <property name="java.library.path" value="/Users/mohitlohani/Library/Java/Extensions:/Library/Java/Extensions:/Network/Library/Java/Extensions:/System/Library/Java/Extensions:/usr/lib/java:."/>
    <property name="java.vm.info" value="mixed mode, sharing"/>
    <property name="java.vendor" value="Oracle Corporation"/>
    <property name="java.vm.version" value="12.0.1+12"/>
    <property name="sun.io.unicode.encoding" value="UnicodeBig"/>
    <property name="socksNonProxyHosts" value="local|*.local|169.254/16|*.169.254/16"/>
    <property name="java.class.version" value="56.0"/>
  </properties>
  <testcase name="sloganPresent" classname="com.vlocity.qe.WikipediaTest" time="0.126"/>
  <testcase name="testLanguage" classname="com.vlocity.qe.WikipediaTest" time="0.078"/>
  <testcase name="testLanguage" classname="com.vlocity.qe.WikipediaTest" time="0.079"/>
  <testcase name="testLanguage" classname="com.vlocity.qe.WikipediaTest" time="0.07"/>
  <testcase name="testLanguage" classname="com.vlocity.qe.WikipediaTest" time="0.104"/>
  <testcase name="testLanguage" classname="com.vlocity.qe.WikipediaTest" time="0.059"/>
  <testcase name="testLanguage" classname="com.vlocity.qe.WikipediaTest" time="0.05"/>
  <testcase name="testLanguage" classname="com.vlocity.qe.WikipediaTest" time="0.053"/>
  <testcase name="testLanguage" classname="com.vlocity.qe.WikipediaTest" time="0.069"/>
  <testcase name="testLanguage" classname="com.vlocity.qe.WikipediaTest" time="0.082"/>
  <testcase name="testLanguage" classname="com.vlocity.qe.WikipediaTest" time="0.061"/>
  <testcase name="testLinks" classname="com.vlocity.qe.WikipediaTest" time="0.914"/>
  <testcase name="testLinks" classname="com.vlocity.qe.WikipediaTest" time="0.592"/>
  <testcase name="testLinks" classname="com.vlocity.qe.WikipediaTest" time="0.595"/>
  <testcase name="testLinks" classname="com.vlocity.qe.WikipediaTest" time="0.504"/>
  <testcase name="testLinks" classname="com.vlocity.qe.WikipediaTest" time="0.493"/>
  <testcase name="testLinks" classname="com.vlocity.qe.WikipediaTest" time="0.499"/>
  <testcase name="testLinks" classname="com.vlocity.qe.WikipediaTest" time="0.512"/>
  <testcase name="testLinks" classname="com.vlocity.qe.WikipediaTest" time="0.611"/>
  <testcase name="testLinks" classname="com.vlocity.qe.WikipediaTest" time="0.549"/>
  <testcase name="testLinks" classname="com.vlocity.qe.WikipediaTest" time="0.528"/>
</testsuite>