<?xml version="1.0" encoding="UTF-8"?>
<!-- Generated by org.testng.reporters.JUnitReportReporter -->
<testsuite hostname="Mohits-Air.Dlink" failures="0" tests="21" name="com.vlocity.qe.WikipediaTest" time="6.613" errors="0" timestamp="22 Oct 2019 15:20:27 GMT" skipped="0">
  <testcase classname="com.vlocity.qe.WikipediaTest" name="testLinks" time="0.513"/>
  <testcase classname="com.vlocity.qe.WikipediaTest" name="testLanguage" time="0.060"/>
  <testcase classname="com.vlocity.qe.WikipediaTest" name="testLinks" time="0.610"/>
  <testcase classname="com.vlocity.qe.WikipediaTest" name="testLinks" time="0.549"/>
  <testcase classname="com.vlocity.qe.WikipediaTest" name="testLanguage" time="0.053"/>
  <testcase classname="com.vlocity.qe.WikipediaTest" name="testLanguage" time="0.069"/>
  <testcase classname="com.vlocity.qe.WikipediaTest" name="testLinks" time="0.499"/>
  <testcase classname="com.vlocity.qe.WikipediaTest" name="testLinks" time="0.526"/>
  <testcase classname="com.vlocity.qe.WikipediaTest" name="testLinks" time="0.503"/>
  <testcase classname="com.vlocity.qe.WikipediaTest" name="testLinks" time="0.913"/>
  <testcase classname="com.vlocity.qe.WikipediaTest" name="testLinks" time="0.590"/>
  <testcase classname="com.vlocity.qe.WikipediaTest" name="testLanguage" time="0.105"/>
  <testcase classname="com.vlocity.qe.WikipediaTest" name="testLanguage" time="0.073"/>
  <testcase classname="com.vlocity.qe.WikipediaTest" name="testLanguage" time="0.069"/>
  <testcase classname="com.vlocity.qe.WikipediaTest" name="testLanguage" time="0.078"/>
  <testcase classname="com.vlocity.qe.WikipediaTest" name="testLanguage" time="0.077"/>
  <testcase classname="com.vlocity.qe.WikipediaTest" name="testLinks" time="0.490"/>
  <testcase classname="com.vlocity.qe.WikipediaTest" name="sloganPresent" time="0.122"/>
  <testcase classname="com.vlocity.qe.WikipediaTest" name="testLanguage" time="0.068"/>
  <testcase classname="com.vlocity.qe.WikipediaTest" name="testLinks" time="0.596"/>
  <testcase classname="com.vlocity.qe.WikipediaTest" name="testLanguage" time="0.050"/>
</testsuite> <!-- com.vlocity.qe.WikipediaTest -->
